23/06/19 22:16 - Copiando arquivos de entrada do XML para pasta da simulação.
23/06/19 22:16 - Iniciando geração de arquivo de edges pelo entrada.xml.
23/06/19 22:16 - Iniciando geração de arquivo de nodos pelo entrada.xml.
23/06/19 22:16 - Iniciando geração da rede de tráfego.
23/06/19 22:16 - Arquivo de rede de tráfego gerado.
23/06/19 22:16 - Arquivo de nodos criado.
23/06/19 22:16 - Arquivo de edges criado.
23/06/19 22:16 - Arquivo de entrada copiado.
23/06/19 22:16 - Iniciando geração de arquivo de pontos de interesse.
23/06/19 22:16 - Arquivo de pontos de interesse gerado.
23/06/19 22:16 - Iniciando geração de arquivo de tráfego.
23/06/19 22:16 - Arquivo de tráfego gerado.
23/06/19 22:16 - Iniciando geração de arquivo de simulação.
23/06/19 22:16 - Arquivo de simulação gerado.
23/06/19 22:16 - Retorno:
criado arquivos com sucessocriado arquivo edges com sucessocriado arquivo node com sucesso> netconvert --node-files=C:\Users\jefip\OneDrive\Documents\NetBeansProjects\traffic-simulation\simulacoes\resultados\2019.06.23.22.16.08\nodes.nod.xml --edge-files=C:\Users\jefip\OneDrive\Documents\NetBeansProjects\traffic-simulation\simulacoes\resultados\2019.06.23.22.16.08\edges.edg.xml --output-file=C:\Users\jefip\OneDrive\Documents\NetBeansProjects\traffic-simulation\simulacoes\resultados\2019.06.23.22.16.08\rede.net.xml --ignore-errors.edge-type
Warning: Speed of turning connection '6_0->1_0' reduced by 28.49 due to turning radius of 7.71 (length=8.76 angle=87.58)
Warning: Speed of turning connection '6_0->2_0' reduced by 28.49 due to turning radius of 7.71 (length=8.76 angle=87.58)
Warning: Speed of turning connection '12_0->13_0' reduced by 31.10 due to turning radius of 2.77 (length=2.70 angle=93.59)
Warning: Speed of turning connection '13_0->14_0' reduced by 31.10 due to turning radius of 2.77 (length=2.94 angle=100.38)
Warning: Speed of turning connection '1_0->3_0' reduced by 25.90 due to turning radius of 15.06 (length=7.10 angle=43.53)
Warning: Speed of turning connection '2_0->3_0' reduced by 25.90 due to turning radius of 15.06 (length=7.10 angle=43.53)
Warning: Speed of turning connection '3_0->4_0' reduced by 31.08 due to turning radius of 2.80 (length=2.24 angle=79.22)
Warning: Speed of turning connection '4_0->5_0' reduced by 31.07 due to turning radius of 2.81 (length=2.20 angle=77.83)
Warning: Speed of straight connection '11_0->6_0' reduced by 16.64 due to turning radius of 61.28 (length=10.85 angle=25.28)
Warning: Speed of turning connection '5_0->6_0' reduced by 27.33 due to turning radius of 10.69 (length=9.81 angle=71.83)
Warning: Speed of turning connection '7_0->8_0' reduced by 31.06 due to turning radius of 2.82 (length=2.14 angle=75.96)
Warning: Speed of straight connection '8_0->12_0' reduced by 25.76 due to turning radius of 15.53 (length=6.10 angle=38.74)
Warning: Speed of turning connection '8_0->9_0' reduced by 28.03 due to turning radius of 8.82 (length=5.33 angle=53.04)
Warning: Speed of turning connection '14_0->10_0' reduced by 27.71 due to turning radius of 9.65 (length=7.36 angle=62.62)
Warning: Speed of straight connection '9_0->10_0' reduced by 24.78 due to turning radius of 18.98 (length=7.80 angle=39.57)
Warning: Speed of turning connection '10_0->11_0' reduced by 31.08 due to turning radius of 2.79 (length=2.34 angle=82.47)

Success.
> polyconvert --net-file C:\Users\jefip\OneDrive\Documents\NetBeansProjects\traffic-simulation\simulacoes\resultados\2019.06.23.22.16.08\rede.net.xml --osm-files C:\Users\jefip\OneDrive\Documents\NetBeansProjects\traffic-simulation\simulacoes\resultados\2019.06.23.22.16.08\entrada.xml --type-file C:\Users\jefip\OneDrive\Documents\NetBeansProjects\traffic-simulation\src\jar\lib\osmPolyconvert.typ.xml -o C:\Users\jefip\OneDrive\Documents\NetBeansProjects\traffic-simulation\simulacoes\resultados\2019.06.23.22.16.08\poi.net.xml
Success.
> py "%SUMO_HOME%\tools\randomTrips.py" --net-file=C:\Users\jefip\OneDrive\Documents\NetBeansProjects\traffic-simulation\simulacoes\resultados\2019.06.23.22.16.08\rede.net.xml --end=50 --route-file=C:\Users\jefip\OneDrive\Documents\NetBeansProjects\traffic-simulation\simulacoes\resultados\2019.06.23.22.16.08\rotas.rou.xml
C:\Program Files (x86)\Eclipse\Sumo\tools\sumolib\__init__.py:28: UserWarning: No module named 'matplotlib'
  warnings.warn(str(e))

Success.
calling  C:\Program Files (x86)\Eclipse\Sumo\bin\duarouter -n C:\Users\jefip\OneDrive\Documents\NetBeansProjects\traffic-simulation\simulacoes\resultados\2019.06.23.22.16.08\rede.net.xml -r trips.trips.xml --ignore-errors --begin 0 --end 50.0 --no-step-log --no-warnings -o C:\Users\jefip\OneDrive\Documents\NetBeansProjects\traffic-simulation\simulacoes\resultados\2019.06.23.22.16.08\rotas.rou.xml

Arquivo de simulação gerado.
23/06/19 22:16 - Iniciando simulação.
23/06/19 22:16 - Iniciando execução da Simulação.
23/06/19 22:16 - Criada tela de execução da aplicação.
